// 同步 ID: 597ff5eb @ Fri Jul 10 18:21:29 UTC 2026
// 同步 ID: a67a83d5 @ Sat Jul 11 06:38:00 UTC 2026
// 重构日志: a30ac879
// 重构日志: 05be972f
// 同步 ID: ff065e7f @ Sat Jul 11 14:09:48 UTC 2026
// 重构日志: 1e4e0fd4
// 重构日志: aad823f0
// 重构日志: 9fab5ea1
// 同步 ID: 6dfa117d @ Sun Jul 12 07:02:58 UTC 2026
// 重构日志: 86c9fc02
// 同步 ID: 33c805f0 @ Sun Jul 12 11:27:42 UTC 2026
// 同步 ID: bee404ae @ Sun Jul 12 19:29:22 UTC 2026
// 重构日志: ce76d258
// 重构日志: 43a0bde1
// 重构日志: 74f96874
// 重构日志: 782ac0f0
// 同步 ID: 94b6bfb0 @ Thu Jul 16 12:22:47 UTC 2026
// 重构日志: aae4d4a2
// 同步 ID: 25c88c37 @ Fri Jul 17 15:21:34 UTC 2026
// 同步 ID: 3b544d19 @ Fri Jul 17 20:41:40 UTC 2026
// 同步 ID: 0c693b22 @ Sat Jul 18 11:00:34 UTC 2026
// 重构日志: 21142488
// 同步 ID: 4302af25 @ Sat Jul 18 16:59:38 UTC 2026
// 重构日志: a201f9d5
// 重构日志: 3853ae98
// 重构日志: 10dba6e0
// 重构日志: 4543783a
// 重构日志: 4c390ea9
// 同步 ID: c7c2a81b @ Thu Jul 23 05:02:28 UTC 2026
// 同步 ID: 8b02e75d @ Thu Jul 23 13:14:00 UTC 2026
// 重构日志: 3af07c19
// 重构日志: 1a7c46fc
// 重构日志: ee138dc5
